# JRE version: Java(TM) SE Runtime Environment (21.0.9+7) (build 21.0.9+7-LTS-338)
# Java VM: Java HotSpot(TM) 64-Bit Server VM (21.0.9+7-LTS-338, mixed mode, sharing, tiered, compressed oops, compressed class ptrs, g1 gc, windows-amd64)
GC Precious Log:
 CardTable entry size: 512
 Card Set container configuration: InlinePtr #cards 4 size 8 Array Of Cards #cards 16 size 48 Howl #buckets 8 coarsen threshold 3686 Howl Bitmap #cards 512 size 80 coarsen threshold 460 Card regions per heap region 1 cards per card region 4096
 CPUs: 22 total, 22 available
 Memory: 15894M
 Large Page Support: Disabled
 NUMA Support: Disabled
 Compressed Oops: Enabled (Zero based)
 Heap Region Size: 2M
 Heap Min Capacity: 8M
 Heap Initial Capacity: 250M
 Heap Max Capacity: 3974M
 Pre-touch: Disabled
 Parallel Workers: 16
 Concurrent Workers: 4
 Concurrent Refinement Workers: 16
 Periodic GC: Disabled
Heap:
 garbage-first heap   total 296960K, used 184310K [0x0000000707a00000, 0x0000000800000000)
  region size 2048K, 4 young (8192K), 4 survivors (8192K)
 Metaspace       used 47986K, committed 49024K, reserved 1114112K
  class space    used 5418K, committed 5888K, reserved 1048576K
GC Heap History (20 events):
Event: 4.575 GC heap after
{Heap after GC invocations=3 (full 0):
 garbage-first heap   total 256000K, used 10152K [0x0000000707a00000, 0x0000000800000000)
  region size 2048K, 3 young (6144K), 3 survivors (6144K)
 Metaspace       used 21205K, committed 21504K, reserved 1114112K
  class space    used 2343K, committed 2496K, reserved 1048576K
}
Event: 5.146 GC heap before
{Heap before GC invocations=4 (full 0):
 garbage-first heap   total 49152K, used 47016K [0x0000000707a00000, 0x0000000800000000)
  region size 2048K, 21 young (43008K), 3 survivors (6144K)
 Metaspace       used 28688K, committed 29120K, reserved 1114112K
  class space    used 3199K, committed 3392K, reserved 1048576K
}
Event: 5.151 GC heap after
{Heap after GC invocations=5 (full 0):
 garbage-first heap   total 59392K, used 14731K [0x0000000707a00000, 0x0000000800000000)
  region size 2048K, 5 young (10240K), 5 survivors (10240K)
 Metaspace       used 28688K, committed 29120K, reserved 1114112K
  class space    used 3199K, committed 3392K, reserved 1048576K
}
Event: 5.420 GC heap before
{Heap before GC invocations=5 (full 0):
 garbage-first heap   total 59392K, used 47499K [0x0000000707a00000, 0x0000000800000000)
  region size 2048K, 17 young (34816K), 5 survivors (10240K)
 Metaspace       used 33863K, committed 34432K, reserved 1114112K
  class space    used 3827K, committed 4096K, reserved 1048576K
}
Event: 5.427 GC heap after
{Heap after GC invocations=6 (full 0):
 garbage-first heap   total 65536K, used 26324K [0x0000000707a00000, 0x0000000800000000)
  region size 2048K, 2 young (4096K), 2 survivors (4096K)
 Metaspace       used 33863K, committed 34432K, reserved 1114112K
  class space    used 3827K, committed 4096K, reserved 1048576K
}
Event: 5.539 GC heap before
{Heap before GC invocations=6 (full 0):
 garbage-first heap   total 65536K, used 32468K [0x0000000707a00000, 0x0000000800000000)
  region size 2048K, 7 young (14336K), 2 survivors (4096K)
 Metaspace       used 35215K, committed 35968K, reserved 1114112K
  class space    used 3980K, committed 4352K, reserved 1048576K
}
Event: 5.543 GC heap after
{Heap after GC invocations=7 (full 0):
 garbage-first heap   total 65536K, used 26163K [0x0000000707a00000, 0x0000000800000000)
  region size 2048K, 1 young (2048K), 1 survivors (2048K)
 Metaspace       used 35215K, committed 35968K, reserved 1114112K
  class space    used 3980K, committed 4352K, reserved 1048576K
}
Event: 5.824 GC heap before
{Heap before GC invocations=8 (full 0):
 garbage-first heap   total 65536K, used 52787K [0x0000000707a00000, 0x0000000800000000)
  region size 2048K, 15 young (30720K), 1 survivors (2048K)
 Metaspace       used 39638K, committed 40448K, reserved 1114112K
  class space    used 4517K, committed 4864K, reserved 1048576K
}
Event: 5.829 GC heap after
{Heap after GC invocations=9 (full 0):
 garbage-first heap   total 131072K, used 31959K [0x0000000707a00000, 0x0000000800000000)
  region size 2048K, 2 young (4096K), 2 survivors (4096K)
 Metaspace       used 39638K, committed 40448K, reserved 1114112K
  class space    used 4517K, committed 4864K, reserved 1048576K
}
Event: 6.197 GC heap before
{Heap before GC invocations=9 (full 0):
 garbage-first heap   total 131072K, used 50391K [0x0000000707a00000, 0x0000000800000000)
  region size 2048K, 12 young (24576K), 2 survivors (4096K)
 Metaspace       used 41527K, committed 42432K, reserved 1114112K
  class space    used 4691K, committed 5120K, reserved 1048576K
}
Event: 6.202 GC heap after
{Heap after GC invocations=10 (full 0):
 garbage-first heap   total 131072K, used 33222K [0x0000000707a00000, 0x0000000800000000)
  region size 2048K, 3 young (6144K), 3 survivors (6144K)
 Metaspace       used 41527K, committed 42432K, reserved 1114112K
  class space    used 4691K, committed 5120K, reserved 1048576K
}
Event: 6.464 GC heap before
{Heap before GC invocations=10 (full 0):
 garbage-first heap   total 245760K, used 178630K [0x0000000707a00000, 0x0000000800000000)
  region size 2048K, 11 young (22528K), 3 survivors (6144K)
 Metaspace       used 43168K, committed 44096K, reserved 1114112K
  class space    used 4936K, committed 5376K, reserved 1048576K
}
Event: 6.471 GC heap after
{Heap after GC invocations=11 (full 0):
 garbage-first heap   total 245760K, used 167862K [0x0000000707a00000, 0x0000000800000000)
  region size 2048K, 4 young (8192K), 4 survivors (8192K)
 Metaspace       used 43168K, committed 44096K, reserved 1114112K
  class space    used 4936K, committed 5376K, reserved 1048576K
}
Event: 261.394 GC heap before
{Heap before GC invocations=12 (full 0):
 garbage-first heap   total 296960K, used 231350K [0x0000000707a00000, 0x0000000800000000)
  region size 2048K, 30 young (61440K), 4 survivors (8192K)
 Metaspace       used 45813K, committed 46912K, reserved 1114112K
  class space    used 5196K, committed 5696K, reserved 1048576K
}
Event: 261.400 GC heap after
{Heap after GC invocations=13 (full 0):
 garbage-first heap   total 296960K, used 169334K [0x0000000707a00000, 0x0000000800000000)
  region size 2048K, 3 young (6144K), 3 survivors (6144K)
 Metaspace       used 45813K, committed 46912K, reserved 1114112K
  class space    used 5196K, committed 5696K, reserved 1048576K
}
Event: 930.310 GC heap before
{Heap before GC invocations=13 (full 0):
 garbage-first heap   total 296960K, used 269686K [0x0000000707a00000, 0x0000000800000000)
  region size 2048K, 53 young (108544K), 3 survivors (6144K)
 Metaspace       used 47578K, committed 48704K, reserved 1114112K
  class space    used 5394K, committed 5888K, reserved 1048576K
}
Event: 930.325 GC heap after
{Heap after GC invocations=14 (full 0):
 garbage-first heap   total 296960K, used 171027K [0x0000000707a00000, 0x0000000800000000)
  region size 2048K, 3 young (6144K), 3 survivors (6144K)
 Metaspace       used 47578K, committed 48704K, reserved 1114112K
  class space    used 5394K, committed 5888K, reserved 1048576K
}
Event: 1528.961 GC heap before
{Heap before GC invocations=14 (full 0):
 garbage-first heap   total 296960K, used 273427K [0x0000000707a00000, 0x0000000800000000)
  region size 2048K, 53 young (108544K), 3 survivors (6144K)
 Metaspace       used 47802K, committed 48896K, reserved 1114112K
  class space    used 5395K, committed 5888K, reserved 1048576K
}
Event: 1528.974 GC heap after
{Heap after GC invocations=15 (full 0):
 garbage-first heap   total 296960K, used 173310K [0x0000000707a00000, 0x0000000800000000)
  region size 2048K, 5 young (10240K), 5 survivors (10240K)
 Metaspace       used 47802K, committed 48896K, reserved 1114112K
  class space    used 5395K, committed 5888K, reserved 1048576K
}
Event: 2105.410 GC heap before
{Heap before GC invocations=16 (full 0):
 garbage-first heap   total 296960K, used 275710K [0x0000000707a00000, 0x0000000800000000)
  region size 2048K, 51 young (104448K), 5 survivors (10240K)
 Metaspace       used 47986K, committed 49024K, reserved 1114112K
  class space    used 5418K, committed 5888K, reserved 1048576K
}

