# JRE version: OpenJDK Runtime Environment Temurin-21.0.11+10 (21.0.11+10) (build 21.0.11+10-LTS)
# Java VM: OpenJDK 64-Bit Server VM Temurin-21.0.11+10 (21.0.11+10-LTS, mixed mode, sharing, tiered, compressed oops, compressed class ptrs, parallel gc, windows-amd64)
GC Precious Log:
 CardTable entry size: 512
 CPUs: 22 total, 22 available
 Memory: 15894M
 Large Page Support: Disabled
 NUMA Support: Disabled
 Compressed Oops: Enabled (32-bit)
 Alignments: Space 512K, Generation 512K, Heap 2M
 Heap Min Capacity: 100M
 Heap Initial Capacity: 100M
 Heap Max Capacity: 2G
 Pre-touch: Disabled
 Parallel Workers: 16
Heap:
 PSYoungGen      total 20992K, used 20610K [0x00000000d5580000, 0x00000000d7380000, 0x0000000100000000)
  eden space 15360K, 100% used [0x00000000d5580000,0x00000000d6480000,0x00000000d6480000)
  from space 5632K, 93% used [0x00000000d6e00000,0x00000000d7320998,0x00000000d7380000)
  to   space 6656K, 99% used [0x00000000d6680000,0x00000000d6cfed80,0x00000000d6d00000)
 ParOldGen       total 69632K, used 69630K [0x0000000080000000, 0x0000000084400000, 0x00000000d5580000)
  object space 69632K, 99% used [0x0000000080000000,0x00000000843ffbc0,0x0000000084400000)
 Metaspace       used 58005K, committed 59264K, reserved 1114112K
  class space    used 6092K, committed 6656K, reserved 1048576K
GC Heap History (20 events):
Event: 20.520 GC heap before
{Heap before GC invocations=33 (full 2):
 PSYoungGen      total 23552K, used 23453K [0x00000000d5580000, 0x00000000d6f00000, 0x0000000100000000)
  eden space 21504K, 100% used [0x00000000d5580000,0x00000000d6a80000,0x00000000d6a80000)
  from space 2048K, 95% used [0x00000000d6d00000,0x00000000d6ee7588,0x00000000d6f00000)
  to   space 2048K, 0% used [0x00000000d6b00000,0x00000000d6b00000,0x00000000d6d00000)
 ParOldGen       total 68608K, used 42082K [0x0000000080000000, 0x0000000084300000, 0x00000000d5580000)
  object space 68608K, 61% used [0x0000000080000000,0x00000000829189f0,0x0000000084300000)
 Metaspace       used 50955K, committed 52096K, reserved 1114112K
  class space    used 5478K, committed 5952K, reserved 1048576K
}
Event: 20.523 GC heap after
{Heap after GC invocations=33 (full 2):
 PSYoungGen      total 22528K, used 872K [0x00000000d5580000, 0x00000000d6d80000, 0x0000000100000000)
  eden space 21504K, 0% used [0x00000000d5580000,0x00000000d5580000,0x00000000d6a80000)
  from space 1024K, 85% used [0x00000000d6b00000,0x00000000d6bda308,0x00000000d6c00000)
  to   space 1536K, 0% used [0x00000000d6c00000,0x00000000d6c00000,0x00000000d6d80000)
 ParOldGen       total 68608K, used 43545K [0x0000000080000000, 0x0000000084300000, 0x00000000d5580000)
  object space 68608K, 63% used [0x0000000080000000,0x0000000082a86578,0x0000000084300000)
 Metaspace       used 50955K, committed 52096K, reserved 1114112K
  class space    used 5478K, committed 5952K, reserved 1048576K
}
Event: 21.837 GC heap before
{Heap before GC invocations=34 (full 2):
 PSYoungGen      total 22528K, used 22376K [0x00000000d5580000, 0x00000000d6d80000, 0x0000000100000000)
  eden space 21504K, 100% used [0x00000000d5580000,0x00000000d6a80000,0x00000000d6a80000)
  from space 1024K, 85% used [0x00000000d6b00000,0x00000000d6bda308,0x00000000d6c00000)
  to   space 1536K, 0% used [0x00000000d6c00000,0x00000000d6c00000,0x00000000d6d80000)
 ParOldGen       total 68608K, used 43545K [0x0000000080000000, 0x0000000084300000, 0x00000000d5580000)
  object space 68608K, 63% used [0x0000000080000000,0x0000000082a86578,0x0000000084300000)
 Metaspace       used 52366K, committed 53568K, reserved 1114112K
  class space    used 5612K, committed 6080K, reserved 1048576K
}
Event: 21.839 GC heap after
{Heap after GC invocations=34 (full 2):
 PSYoungGen      total 23040K, used 1110K [0x00000000d5580000, 0x00000000d6d80000, 0x0000000100000000)
  eden space 21504K, 0% used [0x00000000d5580000,0x00000000d5580000,0x00000000d6a80000)
  from space 1536K, 72% used [0x00000000d6c00000,0x00000000d6d15a30,0x00000000d6d80000)
  to   space 1536K, 0% used [0x00000000d6a80000,0x00000000d6a80000,0x00000000d6c00000)
 ParOldGen       total 68608K, used 44132K [0x0000000080000000, 0x0000000084300000, 0x00000000d5580000)
  object space 68608K, 64% used [0x0000000080000000,0x0000000082b19138,0x0000000084300000)
 Metaspace       used 52366K, committed 53568K, reserved 1114112K
  class space    used 5612K, committed 6080K, reserved 1048576K
}
Event: 23.005 GC heap before
{Heap before GC invocations=35 (full 2):
 PSYoungGen      total 23040K, used 22614K [0x00000000d5580000, 0x00000000d6d80000, 0x0000000100000000)
  eden space 21504K, 100% used [0x00000000d5580000,0x00000000d6a80000,0x00000000d6a80000)
  from space 1536K, 72% used [0x00000000d6c00000,0x00000000d6d15a30,0x00000000d6d80000)
  to   space 1536K, 0% used [0x00000000d6a80000,0x00000000d6a80000,0x00000000d6c00000)
 ParOldGen       total 68608K, used 44132K [0x0000000080000000, 0x0000000084300000, 0x00000000d5580000)
  object space 68608K, 64% used [0x0000000080000000,0x0000000082b19138,0x0000000084300000)
 Metaspace       used 53238K, committed 54528K, reserved 1114112K
  class space    used 5709K, committed 6272K, reserved 1048576K
}
Event: 23.007 GC heap after
{Heap after GC invocations=35 (full 2):
 PSYoungGen      total 23040K, used 1534K [0x00000000d5580000, 0x00000000d7480000, 0x0000000100000000)
  eden space 21504K, 0% used [0x00000000d5580000,0x00000000d5580000,0x00000000d6a80000)
  from space 1536K, 99% used [0x00000000d6a80000,0x00000000d6bff850,0x00000000d6c00000)
  to   space 5120K, 0% used [0x00000000d6f80000,0x00000000d6f80000,0x00000000d7480000)
 ParOldGen       total 68608K, used 47019K [0x0000000080000000, 0x0000000084300000, 0x00000000d5580000)
  object space 68608K, 68% used [0x0000000080000000,0x0000000082deae90,0x0000000084300000)
 Metaspace       used 53238K, committed 54528K, reserved 1114112K
  class space    used 5709K, committed 6272K, reserved 1048576K
}
Event: 24.269 GC heap before
{Heap before GC invocations=36 (full 2):
 PSYoungGen      total 23040K, used 23038K [0x00000000d5580000, 0x00000000d7480000, 0x0000000100000000)
  eden space 21504K, 100% used [0x00000000d5580000,0x00000000d6a80000,0x00000000d6a80000)
  from space 1536K, 99% used [0x00000000d6a80000,0x00000000d6bff850,0x00000000d6c00000)
  to   space 5120K, 0% used [0x00000000d6f80000,0x00000000d6f80000,0x00000000d7480000)
 ParOldGen       total 68608K, used 47019K [0x0000000080000000, 0x0000000084300000, 0x00000000d5580000)
  object space 68608K, 68% used [0x0000000080000000,0x0000000082deae90,0x0000000084300000)
 Metaspace       used 54600K, committed 55872K, reserved 1114112K
  class space    used 5815K, committed 6400K, reserved 1048576K
}
Event: 24.275 GC heap after
{Heap after GC invocations=36 (full 2):
 PSYoungGen      total 22528K, used 5090K [0x00000000d5580000, 0x00000000d7c80000, 0x0000000100000000)
  eden space 17408K, 0% used [0x00000000d5580000,0x00000000d5580000,0x00000000d6680000)
  from space 5120K, 99% used [0x00000000d6f80000,0x00000000d7478900,0x00000000d7480000)
  to   space 9216K, 0% used [0x00000000d6680000,0x00000000d6680000,0x00000000d6f80000)
 ParOldGen       total 68608K, used 49890K [0x0000000080000000, 0x0000000084300000, 0x00000000d5580000)
  object space 68608K, 72% used [0x0000000080000000,0x00000000830b8b78,0x0000000084300000)
 Metaspace       used 54600K, committed 55872K, reserved 1114112K
  class space    used 5815K, committed 6400K, reserved 1048576K
}
Event: 24.878 GC heap before
{Heap before GC invocations=37 (full 2):
 PSYoungGen      total 22528K, used 22498K [0x00000000d5580000, 0x00000000d7c80000, 0x0000000100000000)
  eden space 17408K, 100% used [0x00000000d5580000,0x00000000d6680000,0x00000000d6680000)
  from space 5120K, 99% used [0x00000000d6f80000,0x00000000d7478900,0x00000000d7480000)
  to   space 9216K, 0% used [0x00000000d6680000,0x00000000d6680000,0x00000000d6f80000)
 ParOldGen       total 68608K, used 49890K [0x0000000080000000, 0x0000000084300000, 0x00000000d5580000)
  object space 68608K, 72% used [0x0000000080000000,0x00000000830b8b78,0x0000000084300000)
 Metaspace       used 54724K, committed 56000K, reserved 1114112K
  class space    used 5820K, committed 6400K, reserved 1048576K
}
Event: 24.880 GC heap after
{Heap after GC invocations=37 (full 2):
 PSYoungGen      total 22528K, used 4663K [0x00000000d5580000, 0x00000000d7280000, 0x0000000100000000)
  eden space 17408K, 0% used [0x00000000d5580000,0x00000000d5580000,0x00000000d6680000)
  from space 5120K, 91% used [0x00000000d6680000,0x00000000d6b0df28,0x00000000d6b80000)
  to   space 6144K, 0% used [0x00000000d6c80000,0x00000000d6c80000,0x00000000d7280000)
 ParOldGen       total 68608K, used 50797K [0x0000000080000000, 0x0000000084300000, 0x00000000d5580000)
  object space 68608K, 74% used [0x0000000080000000,0x000000008319b5a0,0x0000000084300000)
 Metaspace       used 54724K, committed 56000K, reserved 1114112K
  class space    used 5820K, committed 6400K, reserved 1048576K
}
Event: 25.704 GC heap before
{Heap before GC invocations=38 (full 2):
 PSYoungGen      total 22528K, used 21984K [0x00000000d5580000, 0x00000000d7280000, 0x0000000100000000)
  eden space 17408K, 99% used [0x00000000d5580000,0x00000000d666a138,0x00000000d6680000)
  from space 5120K, 91% used [0x00000000d6680000,0x00000000d6b0df28,0x00000000d6b80000)
  to   space 6144K, 0% used [0x00000000d6c80000,0x00000000d6c80000,0x00000000d7280000)
 ParOldGen       total 68608K, used 50797K [0x0000000080000000, 0x0000000084300000, 0x00000000d5580000)
  object space 68608K, 74% used [0x0000000080000000,0x000000008319b5a0,0x0000000084300000)
 Metaspace       used 55238K, committed 56512K, reserved 1114112K
  class space    used 5874K, committed 6464K, reserved 1048576K
}
Event: 25.707 GC heap after
{Heap after GC invocations=38 (full 2):
 PSYoungGen      total 20480K, used 2651K [0x00000000d5580000, 0x00000000d6f80000, 0x0000000100000000)
  eden space 17408K, 0% used [0x00000000d5580000,0x00000000d5580000,0x00000000d6680000)
  from space 3072K, 86% used [0x00000000d6c80000,0x00000000d6f16eb8,0x00000000d6f80000)
  to   space 4096K, 0% used [0x00000000d6780000,0x00000000d6780000,0x00000000d6b80000)
 ParOldGen       total 68608K, used 55162K [0x0000000080000000, 0x0000000084300000, 0x00000000d5580000)
  object space 68608K, 80% used [0x0000000080000000,0x00000000835de850,0x0000000084300000)
 Metaspace       used 55238K, committed 56512K, reserved 1114112K
  class space    used 5874K, committed 6464K, reserved 1048576K
}
Event: 25.942 GC heap before
{Heap before GC invocations=39 (full 2):
 PSYoungGen      total 20480K, used 20059K [0x00000000d5580000, 0x00000000d6f80000, 0x0000000100000000)
  eden space 17408K, 100% used [0x00000000d5580000,0x00000000d6680000,0x00000000d6680000)
  from space 3072K, 86% used [0x00000000d6c80000,0x00000000d6f16eb8,0x00000000d6f80000)
  to   space 4096K, 0% used [0x00000000d6780000,0x00000000d6780000,0x00000000d6b80000)
 ParOldGen       total 68608K, used 55162K [0x0000000080000000, 0x0000000084300000, 0x00000000d5580000)
  object space 68608K, 80% used [0x0000000080000000,0x00000000835de850,0x0000000084300000)
 Metaspace       used 55773K, committed 57024K, reserved 1114112K
  class space    used 5923K, committed 6464K, reserved 1048576K
}
Event: 25.945 GC heap after
{Heap after GC invocations=39 (full 2):
 PSYoungGen      total 20480K, used 2802K [0x00000000d5580000, 0x00000000d6d00000, 0x0000000100000000)
  eden space 17408K, 0% used [0x00000000d5580000,0x00000000d5580000,0x00000000d6680000)
  from space 3072K, 91% used [0x00000000d6780000,0x00000000d6a3c948,0x00000000d6a80000)
  to   space 2560K, 0% used [0x00000000d6a80000,0x00000000d6a80000,0x00000000d6d00000)
 ParOldGen       total 68608K, used 57394K [0x0000000080000000, 0x0000000084300000, 0x00000000d5580000)
  object space 68608K, 83% used [0x0000000080000000,0x000000008380c8a0,0x0000000084300000)
 Metaspace       used 55773K, committed 57024K, reserved 1114112K
  class space    used 5923K, committed 6464K, reserved 1048576K
}
Event: 26.278 GC heap before
{Heap before GC invocations=40 (full 2):
 PSYoungGen      total 20480K, used 20210K [0x00000000d5580000, 0x00000000d6d00000, 0x0000000100000000)
  eden space 17408K, 100% used [0x00000000d5580000,0x00000000d6680000,0x00000000d6680000)
  from space 3072K, 91% used [0x00000000d6780000,0x00000000d6a3c948,0x00000000d6a80000)
  to   space 2560K, 0% used [0x00000000d6a80000,0x00000000d6a80000,0x00000000d6d00000)
 ParOldGen       total 68608K, used 57394K [0x0000000080000000, 0x0000000084300000, 0x00000000d5580000)
  object space 68608K, 83% used [0x0000000080000000,0x000000008380c8a0,0x0000000084300000)
 Metaspace       used 56827K, committed 58048K, reserved 1114112K
  class space    used 5968K, committed 6528K, reserved 1048576K
}
Event: 26.283 GC heap after
{Heap after GC invocations=40 (full 2):
 PSYoungGen      total 17920K, used 2541K [0x00000000d5580000, 0x00000000d7280000, 0x0000000100000000)
  eden space 15360K, 0% used [0x00000000d5580000,0x00000000d5580000,0x00000000d6480000)
  from space 2560K, 99% used [0x00000000d6a80000,0x00000000d6cfb7d8,0x00000000d6d00000)
  to   space 6144K, 0% used [0x00000000d6480000,0x00000000d6480000,0x00000000d6a80000)
 ParOldGen       total 68608K, used 60130K [0x0000000080000000, 0x0000000084300000, 0x00000000d5580000)
  object space 68608K, 87% used [0x0000000080000000,0x0000000083ab89f0,0x0000000084300000)
 Metaspace       used 56827K, committed 58048K, reserved 1114112K
  class space    used 5968K, committed 6528K, reserved 1048576K
}
Event: 27.515 GC heap before
{Heap before GC invocations=41 (full 2):
 PSYoungGen      total 17920K, used 17901K [0x00000000d5580000, 0x00000000d7280000, 0x0000000100000000)
  eden space 15360K, 100% used [0x00000000d5580000,0x00000000d6480000,0x00000000d6480000)
  from space 2560K, 99% used [0x00000000d6a80000,0x00000000d6cfb7d8,0x00000000d6d00000)
  to   space 6144K, 0% used [0x00000000d6480000,0x00000000d6480000,0x00000000d6a80000)
 ParOldGen       total 68608K, used 60130K [0x0000000080000000, 0x0000000084300000, 0x00000000d5580000)
  object space 68608K, 87% used [0x0000000080000000,0x0000000083ab89f0,0x0000000084300000)
 Metaspace       used 57568K, committed 58752K, reserved 1114112K
  class space    used 6049K, committed 6592K, reserved 1048576K
}
Event: 27.518 GC heap after
{Heap after GC invocations=41 (full 2):
 PSYoungGen      total 21504K, used 6139K [0x00000000d5580000, 0x00000000d7780000, 0x0000000100000000)
  eden space 15360K, 0% used [0x00000000d5580000,0x00000000d5580000,0x00000000d6480000)
  from space 6144K, 99% used [0x00000000d6480000,0x00000000d6a7ecd0,0x00000000d6a80000)
  to   space 9728K, 0% used [0x00000000d6e00000,0x00000000d6e00000,0x00000000d7780000)
 ParOldGen       total 68608K, used 62778K [0x0000000080000000, 0x0000000084300000, 0x00000000d5580000)
  object space 68608K, 91% used [0x0000000080000000,0x0000000083d4eba8,0x0000000084300000)
 Metaspace       used 57568K, committed 58752K, reserved 1114112K
  class space    used 6049K, committed 6592K, reserved 1048576K
}
Event: 27.714 GC heap before
{Heap before GC invocations=42 (full 2):
 PSYoungGen      total 21504K, used 21499K [0x00000000d5580000, 0x00000000d7780000, 0x0000000100000000)
  eden space 15360K, 100% used [0x00000000d5580000,0x00000000d6480000,0x00000000d6480000)
  from space 6144K, 99% used [0x00000000d6480000,0x00000000d6a7ecd0,0x00000000d6a80000)
  to   space 9728K, 0% used [0x00000000d6e00000,0x00000000d6e00000,0x00000000d7780000)
 ParOldGen       total 68608K, used 62778K [0x0000000080000000, 0x0000000084300000, 0x00000000d5580000)
  object space 68608K, 91% used [0x0000000080000000,0x0000000083d4eba8,0x0000000084300000)
 Metaspace       used 57946K, committed 59200K, reserved 1114112K
  class space    used 6085K, committed 6656K, reserved 1048576K
}
Event: 27.720 GC heap after
{Heap after GC invocations=42 (full 2):
 PSYoungGen      total 20992K, used 5250K [0x00000000d5580000, 0x00000000d7380000, 0x0000000100000000)
  eden space 15360K, 0% used [0x00000000d5580000,0x00000000d5580000,0x00000000d6480000)
  from space 5632K, 93% used [0x00000000d6e00000,0x00000000d7320998,0x00000000d7380000)
  to   space 6656K, 0% used [0x00000000d6680000,0x00000000d6680000,0x00000000d6d00000)
 ParOldGen       total 68608K, used 64267K [0x0000000080000000, 0x0000000084300000, 0x00000000d5580000)
  object space 68608K, 93% used [0x0000000080000000,0x0000000083ec2fc0,0x0000000084300000)
 Metaspace       used 57946K, committed 59200K, reserved 1114112K
  class space    used 6085K, committed 6656K, reserved 1048576K
}

