# JRE version: Java(TM) SE Runtime Environment (21.0.9+7) (build 21.0.9+7-LTS-338)
# Java VM: Java HotSpot(TM) 64-Bit Server VM (21.0.9+7-LTS-338, mixed mode, sharing, tiered, compressed oops, compressed class ptrs, g1 gc, windows-amd64)
GC Precious Log:
 CardTable entry size: 512
 Card Set container configuration: InlinePtr #cards 4 size 8 Array Of Cards #cards 16 size 48 Howl #buckets 8 coarsen threshold 3686 Howl Bitmap #cards 512 size 80 coarsen threshold 460 Card regions per heap region 1 cards per card region 4096
 CPUs: 22 total, 22 available
 Memory: 15894M
 Large Page Support: Disabled
 NUMA Support: Disabled
 Compressed Oops: Enabled (Zero based)
 Heap Region Size: 2M
 Heap Min Capacity: 8M
 Heap Initial Capacity: 250M
 Heap Max Capacity: 3974M
 Pre-touch: Disabled
 Parallel Workers: 16
 Concurrent Workers: 4
 Concurrent Refinement Workers: 16
 Periodic GC: Disabled
Heap:
 garbage-first heap   total 292864K, used 183217K [0x0000000707a00000, 0x0000000800000000)
  region size 2048K, 5 young (10240K), 4 survivors (8192K)
 Metaspace       used 47851K, committed 49152K, reserved 1114112K
  class space    used 5414K, committed 5952K, reserved 1048576K
GC Heap History (20 events):
Event: 1.741 GC heap before
{Heap before GC invocations=4 (full 0):
 garbage-first heap   total 49152K, used 47218K [0x0000000707a00000, 0x0000000800000000)
  region size 2048K, 21 young (43008K), 3 survivors (6144K)
 Metaspace       used 29375K, committed 29760K, reserved 1114112K
  class space    used 3265K, committed 3456K, reserved 1048576K
}
Event: 1.747 GC heap after
{Heap after GC invocations=5 (full 0):
 garbage-first heap   total 59392K, used 14611K [0x0000000707a00000, 0x0000000800000000)
  region size 2048K, 5 young (10240K), 5 survivors (10240K)
 Metaspace       used 29375K, committed 29760K, reserved 1114112K
  class space    used 3265K, committed 3456K, reserved 1048576K
}
Event: 2.002 GC heap before
{Heap before GC invocations=5 (full 0):
 garbage-first heap   total 59392K, used 49427K [0x0000000707a00000, 0x0000000800000000)
  region size 2048K, 17 young (34816K), 5 survivors (10240K)
 Metaspace       used 34711K, committed 35264K, reserved 1114112K
  class space    used 3937K, committed 4160K, reserved 1048576K
}
Event: 2.007 GC heap after
{Heap after GC invocations=6 (full 0):
 garbage-first heap   total 63488K, used 26391K [0x0000000707a00000, 0x0000000800000000)
  region size 2048K, 1 young (2048K), 1 survivors (2048K)
 Metaspace       used 34711K, committed 35264K, reserved 1114112K
  class space    used 3937K, committed 4160K, reserved 1048576K
}
Event: 2.045 GC heap before
{Heap before GC invocations=6 (full 0):
 garbage-first heap   total 63488K, used 30487K [0x0000000707a00000, 0x0000000800000000)
  region size 2048K, 4 young (8192K), 1 survivors (2048K)
 Metaspace       used 35446K, committed 35968K, reserved 1114112K
  class space    used 4045K, committed 4288K, reserved 1048576K
}
Event: 2.047 GC heap after
{Heap after GC invocations=7 (full 0):
 garbage-first heap   total 63488K, used 25993K [0x0000000707a00000, 0x0000000800000000)
  region size 2048K, 1 young (2048K), 1 survivors (2048K)
 Metaspace       used 35446K, committed 35968K, reserved 1114112K
  class space    used 4045K, committed 4288K, reserved 1048576K
}
Event: 2.266 GC heap before
{Heap before GC invocations=8 (full 0):
 garbage-first heap   total 63488K, used 52617K [0x0000000707a00000, 0x0000000800000000)
  region size 2048K, 14 young (28672K), 1 survivors (2048K)
 Metaspace       used 39441K, committed 40128K, reserved 1114112K
  class space    used 4523K, committed 4800K, reserved 1048576K
}
Event: 2.269 GC heap after
{Heap after GC invocations=9 (full 0):
 garbage-first heap   total 159744K, used 31902K [0x0000000707a00000, 0x0000000800000000)
  region size 2048K, 2 young (4096K), 2 survivors (4096K)
 Metaspace       used 39441K, committed 40128K, reserved 1114112K
  class space    used 4523K, committed 4800K, reserved 1048576K
}
Event: 2.337 GC heap before
{Heap before GC invocations=9 (full 0):
 garbage-first heap   total 159744K, used 35998K [0x0000000707a00000, 0x0000000800000000)
  region size 2048K, 5 young (10240K), 2 survivors (4096K)
 Metaspace       used 40577K, committed 41408K, reserved 1114112K
  class space    used 4649K, committed 5056K, reserved 1048576K
}
Event: 2.339 GC heap after
{Heap after GC invocations=10 (full 0):
 garbage-first heap   total 159744K, used 32133K [0x0000000707a00000, 0x0000000800000000)
  region size 2048K, 3 young (6144K), 3 survivors (6144K)
 Metaspace       used 40577K, committed 41408K, reserved 1114112K
  class space    used 4649K, committed 5056K, reserved 1048576K
}
Event: 1224.048 GC heap before
{Heap before GC invocations=10 (full 0):
 garbage-first heap   total 286720K, used 251269K [0x0000000707a00000, 0x0000000800000000)
  region size 2048K, 46 young (94208K), 3 survivors (6144K)
 Metaspace       used 43533K, committed 44416K, reserved 1114112K
  class space    used 4849K, committed 5248K, reserved 1048576K
}
Event: 1224.109 GC heap after
{Heap after GC invocations=11 (full 0):
 garbage-first heap   total 286720K, used 167150K [0x0000000707a00000, 0x0000000800000000)
  region size 2048K, 4 young (8192K), 4 survivors (8192K)
 Metaspace       used 43533K, committed 44416K, reserved 1114112K
  class space    used 4849K, committed 5248K, reserved 1048576K
}
Event: 2228.812 GC heap before
{Heap before GC invocations=11 (full 0):
 garbage-first heap   total 286720K, used 257262K [0x0000000707a00000, 0x0000000800000000)
  region size 2048K, 49 young (100352K), 4 survivors (8192K)
 Metaspace       used 46699K, committed 47744K, reserved 1114112K
  class space    used 5351K, committed 5824K, reserved 1048576K
}
Event: 2228.834 GC heap after
{Heap after GC invocations=12 (full 0):
 garbage-first heap   total 286720K, used 170250K [0x0000000707a00000, 0x0000000800000000)
  region size 2048K, 5 young (10240K), 5 survivors (10240K)
 Metaspace       used 46699K, committed 47744K, reserved 1114112K
  class space    used 5351K, committed 5824K, reserved 1048576K
}
Event: 2757.444 GC heap before
{Heap before GC invocations=13 (full 0):
 garbage-first heap   total 290816K, used 258314K [0x0000000707a00000, 0x0000000800000000)
  region size 2048K, 49 young (100352K), 5 survivors (10240K)
 Metaspace       used 47389K, committed 48384K, reserved 1114112K
  class space    used 5363K, committed 5824K, reserved 1048576K
}
Event: 2757.467 GC heap after
{Heap after GC invocations=14 (full 0):
 garbage-first heap   total 290816K, used 171428K [0x0000000707a00000, 0x0000000800000000)
  region size 2048K, 4 young (8192K), 4 survivors (8192K)
 Metaspace       used 47389K, committed 48384K, reserved 1114112K
  class space    used 5363K, committed 5824K, reserved 1048576K
}
Event: 3701.328 GC heap before
{Heap before GC invocations=14 (full 0):
 garbage-first heap   total 290816K, used 277924K [0x0000000707a00000, 0x0000000800000000)
  region size 2048K, 49 young (100352K), 4 survivors (8192K)
 Metaspace       used 48022K, committed 49088K, reserved 1114112K
  class space    used 5465K, committed 5952K, reserved 1048576K
}
Event: 3701.367 GC heap after
{Heap after GC invocations=15 (full 0):
 garbage-first heap   total 292864K, used 182792K [0x0000000707a00000, 0x0000000800000000)
  region size 2048K, 4 young (8192K), 4 survivors (8192K)
 Metaspace       used 48022K, committed 49088K, reserved 1114112K
  class space    used 5465K, committed 5952K, reserved 1048576K
}
Event: 4212.816 GC heap before
{Heap before GC invocations=15 (full 0):
 garbage-first heap   total 292864K, used 266760K [0x0000000707a00000, 0x0000000800000000)
  region size 2048K, 45 young (92160K), 4 survivors (8192K)
 Metaspace       used 48046K, committed 49152K, reserved 1114112K
  class space    used 5465K, committed 5952K, reserved 1048576K
}
Event: 4212.936 GC heap after
{Heap after GC invocations=16 (full 0):
 garbage-first heap   total 292864K, used 183217K [0x0000000707a00000, 0x0000000800000000)
  region size 2048K, 4 young (8192K), 4 survivors (8192K)
 Metaspace       used 48046K, committed 49152K, reserved 1114112K
  class space    used 5465K, committed 5952K, reserved 1048576K
}

