# JRE version: OpenJDK Runtime Environment Temurin-21.0.11+10 (21.0.11+10) (build 21.0.11+10-LTS)
# Java VM: OpenJDK 64-Bit Server VM Temurin-21.0.11+10 (21.0.11+10-LTS, mixed mode, sharing, tiered, compressed oops, compressed class ptrs, parallel gc, windows-amd64)
GC Precious Log:
 CardTable entry size: 512
 CPUs: 22 total, 22 available
 Memory: 15894M
 Large Page Support: Disabled
 NUMA Support: Disabled
 Compressed Oops: Enabled (32-bit)
 Alignments: Space 512K, Generation 512K, Heap 2M
 Heap Min Capacity: 100M
 Heap Initial Capacity: 100M
 Heap Max Capacity: 2G
 Pre-touch: Disabled
 Parallel Workers: 16
Heap:
 PSYoungGen      total 6144K, used 3473K [0x00000000d5580000, 0x00000000d5c80000, 0x0000000100000000)
  eden space 5120K, 60% used [0x00000000d5580000,0x00000000d5884510,0x00000000d5a80000)
  from space 1024K, 37% used [0x00000000d5b80000,0x00000000d5be0000,0x00000000d5c80000)
  to   space 1024K, 0% used [0x00000000d5a80000,0x00000000d5a80000,0x00000000d5b80000)
 ParOldGen       total 925184K, used 924979K [0x0000000080000000, 0x00000000b8780000, 0x00000000d5580000)
  object space 925184K, 99% used [0x0000000080000000,0x00000000b874ce88,0x00000000b8780000)
 Metaspace       used 96831K, committed 98752K, reserved 1179648K
  class space    used 10441K, committed 11264K, reserved 1048576K
GC Heap History (20 events):
Event: 11739.348 GC heap before
{Heap before GC invocations=1409 (full 5):
 PSYoungGen      total 5120K, used 4944K [0x00000000d5580000, 0x00000000d5c80000, 0x0000000100000000)
  eden space 4096K, 100% used [0x00000000d5580000,0x00000000d5980000,0x00000000d5980000)
  from space 1024K, 82% used [0x00000000d5b80000,0x00000000d5c54010,0x00000000d5c80000)
  to   space 1024K, 0% used [0x00000000d5980000,0x00000000d5980000,0x00000000d5a80000)
 ParOldGen       total 920064K, used 919789K [0x0000000080000000, 0x00000000b8280000, 0x00000000d5580000)
  object space 920064K, 99% used [0x0000000080000000,0x00000000b823b748,0x00000000b8280000)
 Metaspace       used 96792K, committed 98688K, reserved 1179648K
  class space    used 10441K, committed 11264K, reserved 1048576K
}
Event: 11739.351 GC heap after
{Heap after GC invocations=1409 (full 5):
 PSYoungGen      total 5120K, used 768K [0x00000000d5580000, 0x00000000d5c00000, 0x0000000100000000)
  eden space 4096K, 0% used [0x00000000d5580000,0x00000000d5580000,0x00000000d5980000)
  from space 1024K, 75% used [0x00000000d5980000,0x00000000d5a40000,0x00000000d5a80000)
  to   space 1024K, 0% used [0x00000000d5b00000,0x00000000d5b00000,0x00000000d5c00000)
 ParOldGen       total 920576K, used 920270K [0x0000000080000000, 0x00000000b8300000, 0x00000000d5580000)
  object space 920576K, 99% used [0x0000000080000000,0x00000000b82b3b60,0x00000000b8300000)
 Metaspace       used 96792K, committed 98688K, reserved 1179648K
  class space    used 10441K, committed 11264K, reserved 1048576K
}
Event: 11739.365 GC heap before
{Heap before GC invocations=1410 (full 5):
 PSYoungGen      total 5120K, used 4863K [0x00000000d5580000, 0x00000000d5c00000, 0x0000000100000000)
  eden space 4096K, 99% used [0x00000000d5580000,0x00000000d597fff8,0x00000000d5980000)
  from space 1024K, 75% used [0x00000000d5980000,0x00000000d5a40000,0x00000000d5a80000)
  to   space 1024K, 0% used [0x00000000d5b00000,0x00000000d5b00000,0x00000000d5c00000)
 ParOldGen       total 920576K, used 920270K [0x0000000080000000, 0x00000000b8300000, 0x00000000d5580000)
  object space 920576K, 99% used [0x0000000080000000,0x00000000b82b3b60,0x00000000b8300000)
 Metaspace       used 96792K, committed 98688K, reserved 1179648K
  class space    used 10441K, committed 11264K, reserved 1048576K
}
Event: 11739.369 GC heap after
{Heap after GC invocations=1410 (full 5):
 PSYoungGen      total 5120K, used 816K [0x00000000d5580000, 0x00000000d5c00000, 0x0000000100000000)
  eden space 4096K, 0% used [0x00000000d5580000,0x00000000d5580000,0x00000000d5980000)
  from space 1024K, 79% used [0x00000000d5b00000,0x00000000d5bcc010,0x00000000d5c00000)
  to   space 1024K, 0% used [0x00000000d5980000,0x00000000d5980000,0x00000000d5a80000)
 ParOldGen       total 921088K, used 920717K [0x0000000080000000, 0x00000000b8380000, 0x00000000d5580000)
  object space 921088K, 99% used [0x0000000080000000,0x00000000b83235f0,0x00000000b8380000)
 Metaspace       used 96792K, committed 98688K, reserved 1179648K
  class space    used 10441K, committed 11264K, reserved 1048576K
}
Event: 11739.390 GC heap before
{Heap before GC invocations=1411 (full 5):
 PSYoungGen      total 5120K, used 4912K [0x00000000d5580000, 0x00000000d5c00000, 0x0000000100000000)
  eden space 4096K, 100% used [0x00000000d5580000,0x00000000d5980000,0x00000000d5980000)
  from space 1024K, 79% used [0x00000000d5b00000,0x00000000d5bcc010,0x00000000d5c00000)
  to   space 1024K, 0% used [0x00000000d5980000,0x00000000d5980000,0x00000000d5a80000)
 ParOldGen       total 921088K, used 920717K [0x0000000080000000, 0x00000000b8380000, 0x00000000d5580000)
  object space 921088K, 99% used [0x0000000080000000,0x00000000b83235f0,0x00000000b8380000)
 Metaspace       used 96792K, committed 98688K, reserved 1179648K
  class space    used 10441K, committed 11264K, reserved 1048576K
}
Event: 11739.394 GC heap after
{Heap after GC invocations=1411 (full 5):
 PSYoungGen      total 5120K, used 544K [0x00000000d5580000, 0x00000000d5b80000, 0x0000000100000000)
  eden space 4096K, 0% used [0x00000000d5580000,0x00000000d5580000,0x00000000d5980000)
  from space 1024K, 53% used [0x00000000d5980000,0x00000000d5a08000,0x00000000d5a80000)
  to   space 1024K, 0% used [0x00000000d5a80000,0x00000000d5a80000,0x00000000d5b80000)
 ParOldGen       total 921600K, used 921162K [0x0000000080000000, 0x00000000b8400000, 0x00000000d5580000)
  object space 921600K, 99% used [0x0000000080000000,0x00000000b8392800,0x00000000b8400000)
 Metaspace       used 96792K, committed 98688K, reserved 1179648K
  class space    used 10441K, committed 11264K, reserved 1048576K
}
Event: 11739.419 GC heap before
{Heap before GC invocations=1412 (full 5):
 PSYoungGen      total 5120K, used 4640K [0x00000000d5580000, 0x00000000d5b80000, 0x0000000100000000)
  eden space 4096K, 100% used [0x00000000d5580000,0x00000000d5980000,0x00000000d5980000)
  from space 1024K, 53% used [0x00000000d5980000,0x00000000d5a08000,0x00000000d5a80000)
  to   space 1024K, 0% used [0x00000000d5a80000,0x00000000d5a80000,0x00000000d5b80000)
 ParOldGen       total 921600K, used 921162K [0x0000000080000000, 0x00000000b8400000, 0x00000000d5580000)
  object space 921600K, 99% used [0x0000000080000000,0x00000000b8392800,0x00000000b8400000)
 Metaspace       used 96795K, committed 98688K, reserved 1179648K
  class space    used 10441K, committed 11264K, reserved 1048576K
}
Event: 11739.422 GC heap after
{Heap after GC invocations=1412 (full 5):
 PSYoungGen      total 5120K, used 672K [0x00000000d5580000, 0x00000000d5b80000, 0x0000000100000000)
  eden space 4096K, 0% used [0x00000000d5580000,0x00000000d5580000,0x00000000d5980000)
  from space 1024K, 65% used [0x00000000d5a80000,0x00000000d5b28000,0x00000000d5b80000)
  to   space 1024K, 0% used [0x00000000d5980000,0x00000000d5980000,0x00000000d5a80000)
 ParOldGen       total 921600K, used 921522K [0x0000000080000000, 0x00000000b8400000, 0x00000000d5580000)
  object space 921600K, 99% used [0x0000000080000000,0x00000000b83ec820,0x00000000b8400000)
 Metaspace       used 96795K, committed 98688K, reserved 1179648K
  class space    used 10441K, committed 11264K, reserved 1048576K
}
Event: 11739.670 GC heap before
{Heap before GC invocations=1413 (full 5):
 PSYoungGen      total 5120K, used 4768K [0x00000000d5580000, 0x00000000d5b80000, 0x0000000100000000)
  eden space 4096K, 100% used [0x00000000d5580000,0x00000000d5980000,0x00000000d5980000)
  from space 1024K, 65% used [0x00000000d5a80000,0x00000000d5b28000,0x00000000d5b80000)
  to   space 1024K, 0% used [0x00000000d5980000,0x00000000d5980000,0x00000000d5a80000)
 ParOldGen       total 921600K, used 921522K [0x0000000080000000, 0x00000000b8400000, 0x00000000d5580000)
  object space 921600K, 99% used [0x0000000080000000,0x00000000b83ec820,0x00000000b8400000)
 Metaspace       used 96796K, committed 98688K, reserved 1179648K
  class space    used 10441K, committed 11264K, reserved 1048576K
}
Event: 11739.709 GC heap after
{Heap after GC invocations=1413 (full 5):
 PSYoungGen      total 5120K, used 1024K [0x00000000d5580000, 0x00000000d5d80000, 0x0000000100000000)
  eden space 4096K, 0% used [0x00000000d5580000,0x00000000d5580000,0x00000000d5980000)
  from space 1024K, 100% used [0x00000000d5980000,0x00000000d5a80000,0x00000000d5a80000)
  to   space 2048K, 0% used [0x00000000d5b80000,0x00000000d5b80000,0x00000000d5d80000)
 ParOldGen       total 922112K, used 921994K [0x0000000080000000, 0x00000000b8480000, 0x00000000d5580000)
  object space 922112K, 99% used [0x0000000080000000,0x00000000b8462860,0x00000000b8480000)
 Metaspace       used 96796K, committed 98688K, reserved 1179648K
  class space    used 10441K, committed 11264K, reserved 1048576K
}
Event: 11739.983 GC heap before
{Heap before GC invocations=1414 (full 5):
 PSYoungGen      total 5120K, used 5120K [0x00000000d5580000, 0x00000000d5d80000, 0x0000000100000000)
  eden space 4096K, 100% used [0x00000000d5580000,0x00000000d5980000,0x00000000d5980000)
  from space 1024K, 100% used [0x00000000d5980000,0x00000000d5a80000,0x00000000d5a80000)
  to   space 2048K, 0% used [0x00000000d5b80000,0x00000000d5b80000,0x00000000d5d80000)
 ParOldGen       total 922112K, used 921994K [0x0000000080000000, 0x00000000b8480000, 0x00000000d5580000)
  object space 922112K, 99% used [0x0000000080000000,0x00000000b8462860,0x00000000b8480000)
 Metaspace       used 96802K, committed 98688K, reserved 1179648K
  class space    used 10441K, committed 11264K, reserved 1048576K
}
Event: 11740.028 GC heap after
{Heap after GC invocations=1414 (full 5):
 PSYoungGen      total 5120K, used 960K [0x00000000d5580000, 0x00000000d5c80000, 0x0000000100000000)
  eden space 4096K, 0% used [0x00000000d5580000,0x00000000d5580000,0x00000000d5980000)
  from space 1024K, 93% used [0x00000000d5b80000,0x00000000d5c70000,0x00000000d5c80000)
  to   space 1536K, 0% used [0x00000000d5980000,0x00000000d5980000,0x00000000d5b00000)
 ParOldGen       total 923136K, used 922712K [0x0000000080000000, 0x00000000b8580000, 0x00000000d5580000)
  object space 923136K, 99% used [0x0000000080000000,0x00000000b8516060,0x00000000b8580000)
 Metaspace       used 96802K, committed 98688K, reserved 1179648K
  class space    used 10441K, committed 11264K, reserved 1048576K
}
Event: 11740.358 GC heap before
{Heap before GC invocations=1415 (full 5):
 PSYoungGen      total 5120K, used 5056K [0x00000000d5580000, 0x00000000d5c80000, 0x0000000100000000)
  eden space 4096K, 100% used [0x00000000d5580000,0x00000000d5980000,0x00000000d5980000)
  from space 1024K, 93% used [0x00000000d5b80000,0x00000000d5c70000,0x00000000d5c80000)
  to   space 1536K, 0% used [0x00000000d5980000,0x00000000d5980000,0x00000000d5b00000)
 ParOldGen       total 923136K, used 922712K [0x0000000080000000, 0x00000000b8580000, 0x00000000d5580000)
  object space 923136K, 99% used [0x0000000080000000,0x00000000b8516060,0x00000000b8580000)
 Metaspace       used 96804K, committed 98688K, reserved 1179648K
  class space    used 10441K, committed 11264K, reserved 1048576K
}
Event: 11740.367 GC heap after
{Heap after GC invocations=1415 (full 5):
 PSYoungGen      total 5632K, used 1120K [0x00000000d5580000, 0x00000000d5c80000, 0x0000000100000000)
  eden space 4096K, 0% used [0x00000000d5580000,0x00000000d5580000,0x00000000d5980000)
  from space 1536K, 72% used [0x00000000d5980000,0x00000000d5a98000,0x00000000d5b00000)
  to   space 1536K, 0% used [0x00000000d5b00000,0x00000000d5b00000,0x00000000d5c80000)
 ParOldGen       total 923648K, used 923284K [0x0000000080000000, 0x00000000b8600000, 0x00000000d5580000)
  object space 923648K, 99% used [0x0000000080000000,0x00000000b85a5070,0x00000000b8600000)
 Metaspace       used 96804K, committed 98688K, reserved 1179648K
  class space    used 10441K, committed 11264K, reserved 1048576K
}
Event: 11740.409 GC heap before
{Heap before GC invocations=1416 (full 5):
 PSYoungGen      total 5632K, used 5216K [0x00000000d5580000, 0x00000000d5c80000, 0x0000000100000000)
  eden space 4096K, 100% used [0x00000000d5580000,0x00000000d5980000,0x00000000d5980000)
  from space 1536K, 72% used [0x00000000d5980000,0x00000000d5a98000,0x00000000d5b00000)
  to   space 1536K, 0% used [0x00000000d5b00000,0x00000000d5b00000,0x00000000d5c80000)
 ParOldGen       total 923648K, used 923284K [0x0000000080000000, 0x00000000b8600000, 0x00000000d5580000)
  object space 923648K, 99% used [0x0000000080000000,0x00000000b85a5070,0x00000000b8600000)
 Metaspace       used 96805K, committed 98688K, reserved 1179648K
  class space    used 10441K, committed 11264K, reserved 1048576K
}
Event: 11740.517 GC heap after
{Heap after GC invocations=1416 (full 5):
 PSYoungGen      total 5632K, used 992K [0x00000000d5580000, 0x00000000d5d80000, 0x0000000100000000)
  eden space 4096K, 0% used [0x00000000d5580000,0x00000000d5580000,0x00000000d5980000)
  from space 1536K, 64% used [0x00000000d5b00000,0x00000000d5bf8000,0x00000000d5c80000)
  to   space 1536K, 0% used [0x00000000d5980000,0x00000000d5980000,0x00000000d5b00000)
 ParOldGen       total 924160K, used 924111K [0x0000000080000000, 0x00000000b8680000, 0x00000000d5580000)
  object space 924160K, 99% used [0x0000000080000000,0x00000000b8673d48,0x00000000b8680000)
 Metaspace       used 96805K, committed 98688K, reserved 1179648K
  class space    used 10441K, committed 11264K, reserved 1048576K
}
Event: 11740.780 GC heap before
{Heap before GC invocations=1417 (full 5):
 PSYoungGen      total 5632K, used 5088K [0x00000000d5580000, 0x00000000d5d80000, 0x0000000100000000)
  eden space 4096K, 100% used [0x00000000d5580000,0x00000000d5980000,0x00000000d5980000)
  from space 1536K, 64% used [0x00000000d5b00000,0x00000000d5bf8000,0x00000000d5c80000)
  to   space 1536K, 0% used [0x00000000d5980000,0x00000000d5980000,0x00000000d5b00000)
 ParOldGen       total 924160K, used 924111K [0x0000000080000000, 0x00000000b8680000, 0x00000000d5580000)
  object space 924160K, 99% used [0x0000000080000000,0x00000000b8673d48,0x00000000b8680000)
 Metaspace       used 96808K, committed 98688K, reserved 1179648K
  class space    used 10441K, committed 11264K, reserved 1048576K
}
Event: 11740.910 GC heap after
{Heap after GC invocations=1417 (full 5):
 PSYoungGen      total 5632K, used 672K [0x00000000d5580000, 0x00000000d5c80000, 0x0000000100000000)
  eden space 4096K, 0% used [0x00000000d5580000,0x00000000d5580000,0x00000000d5980000)
  from space 1536K, 43% used [0x00000000d5980000,0x00000000d5a28000,0x00000000d5b00000)
  to   space 1024K, 0% used [0x00000000d5b80000,0x00000000d5b80000,0x00000000d5c80000)
 ParOldGen       total 925184K, used 924768K [0x0000000080000000, 0x00000000b8780000, 0x00000000d5580000)
  object space 925184K, 99% used [0x0000000080000000,0x00000000b8718178,0x00000000b8780000)
 Metaspace       used 96808K, committed 98688K, reserved 1179648K
  class space    used 10441K, committed 11264K, reserved 1048576K
}
Event: 12141.506 GC heap before
{Heap before GC invocations=1418 (full 5):
 PSYoungGen      total 5632K, used 4768K [0x00000000d5580000, 0x00000000d5c80000, 0x0000000100000000)
  eden space 4096K, 100% used [0x00000000d5580000,0x00000000d5980000,0x00000000d5980000)
  from space 1536K, 43% used [0x00000000d5980000,0x00000000d5a28000,0x00000000d5b00000)
  to   space 1024K, 0% used [0x00000000d5b80000,0x00000000d5b80000,0x00000000d5c80000)
 ParOldGen       total 925184K, used 924768K [0x0000000080000000, 0x00000000b8780000, 0x00000000d5580000)
  object space 925184K, 99% used [0x0000000080000000,0x00000000b8718178,0x00000000b8780000)
 Metaspace       used 96831K, committed 98752K, reserved 1179648K
  class space    used 10441K, committed 11264K, reserved 1048576K
}
Event: 12141.639 GC heap after
{Heap after GC invocations=1418 (full 5):
 PSYoungGen      total 6144K, used 384K [0x00000000d5580000, 0x00000000d5c80000, 0x0000000100000000)
  eden space 5120K, 0% used [0x00000000d5580000,0x00000000d5580000,0x00000000d5a80000)
  from space 1024K, 37% used [0x00000000d5b80000,0x00000000d5be0000,0x00000000d5c80000)
  to   space 1024K, 0% used [0x00000000d5a80000,0x00000000d5a80000,0x00000000d5b80000)
 ParOldGen       total 925184K, used 924979K [0x0000000080000000, 0x00000000b8780000, 0x00000000d5580000)
  object space 925184K, 99% used [0x0000000080000000,0x00000000b874ce88,0x00000000b8780000)
 Metaspace       used 96831K, committed 98752K, reserved 1179648K
  class space    used 10441K, committed 11264K, reserved 1048576K
}

