# JRE version: OpenJDK Runtime Environment Temurin-21.0.10+7 (21.0.10+7) (build 21.0.10+7-LTS)
# Java VM: OpenJDK 64-Bit Server VM Temurin-21.0.10+7 (21.0.10+7-LTS, mixed mode, sharing, tiered, compressed oops, compressed class ptrs, parallel gc, windows-amd64)
GC Precious Log:
 CardTable entry size: 512
 CPUs: 22 total, 22 available
 Memory: 15894M
 Large Page Support: Disabled
 NUMA Support: Disabled
 Compressed Oops: Enabled (32-bit)
 Alignments: Space 512K, Generation 512K, Heap 2M
 Heap Min Capacity: 100M
 Heap Initial Capacity: 100M
 Heap Max Capacity: 2G
 Pre-touch: Disabled
 Parallel Workers: 16
Heap:
 PSYoungGen      total 6144K, used 993K [0x00000000d5580000, 0x00000000d5c80000, 0x0000000100000000)
  eden space 5632K, 10% used [0x00000000d5580000,0x00000000d5618610,0x00000000d5b00000)
  from space 512K, 75% used [0x00000000d5b80000,0x00000000d5be0000,0x00000000d5c00000)
  to   space 512K, 0% used [0x00000000d5c00000,0x00000000d5c00000,0x00000000d5c80000)
 ParOldGen       total 680960K, used 312047K [0x0000000080000000, 0x00000000a9900000, 0x00000000d5580000)
  object space 680960K, 45% used [0x0000000080000000,0x00000000930bbf68,0x00000000a9900000)
 Metaspace       used 95709K, committed 97600K, reserved 1179648K
  class space    used 11420K, committed 12288K, reserved 1048576K
GC Heap History (20 events):
Event: 2219.085 GC heap before
{Heap before GC invocations=1328 (full 4):
 PSYoungGen      total 6144K, used 6084K [0x00000000d5580000, 0x00000000d5d00000, 0x0000000100000000)
  eden space 5632K, 98% used [0x00000000d5580000,0x00000000d5af11a8,0x00000000d5b00000)
  from space 512K, 100% used [0x00000000d5b80000,0x00000000d5c00000,0x00000000d5c00000)
  to   space 1024K, 0% used [0x00000000d5c00000,0x00000000d5c00000,0x00000000d5d00000)
 ParOldGen       total 680960K, used 309700K [0x0000000080000000, 0x00000000a9900000, 0x00000000d5580000)
  object space 680960K, 45% used [0x0000000080000000,0x0000000092e71050,0x00000000a9900000)
 Metaspace       used 95375K, committed 97216K, reserved 1179648K
  class space    used 11382K, committed 12224K, reserved 1048576K
}
Event: 2219.094 GC heap after
{Heap after GC invocations=1328 (full 4):
 PSYoungGen      total 6144K, used 160K [0x00000000d5580000, 0x00000000d5c80000, 0x0000000100000000)
  eden space 5632K, 0% used [0x00000000d5580000,0x00000000d5580000,0x00000000d5b00000)
  from space 512K, 31% used [0x00000000d5c00000,0x00000000d5c28190,0x00000000d5c80000)
  to   space 512K, 0% used [0x00000000d5b80000,0x00000000d5b80000,0x00000000d5c00000)
 ParOldGen       total 680960K, used 309852K [0x0000000080000000, 0x00000000a9900000, 0x00000000d5580000)
  object space 680960K, 45% used [0x0000000080000000,0x0000000092e97060,0x00000000a9900000)
 Metaspace       used 95375K, committed 97216K, reserved 1179648K
  class space    used 11382K, committed 12224K, reserved 1048576K
}
Event: 2219.795 GC heap before
{Heap before GC invocations=1329 (full 4):
 PSYoungGen      total 6144K, used 5767K [0x00000000d5580000, 0x00000000d5c80000, 0x0000000100000000)
  eden space 5632K, 99% used [0x00000000d5580000,0x00000000d5af9bb8,0x00000000d5b00000)
  from space 512K, 31% used [0x00000000d5c00000,0x00000000d5c28190,0x00000000d5c80000)
  to   space 512K, 0% used [0x00000000d5b80000,0x00000000d5b80000,0x00000000d5c00000)
 ParOldGen       total 680960K, used 309852K [0x0000000080000000, 0x00000000a9900000, 0x00000000d5580000)
  object space 680960K, 45% used [0x0000000080000000,0x0000000092e97060,0x00000000a9900000)
 Metaspace       used 95389K, committed 97216K, reserved 1179648K
  class space    used 11384K, committed 12224K, reserved 1048576K
}
Event: 2219.804 GC heap after
{Heap after GC invocations=1329 (full 4):
 PSYoungGen      total 6144K, used 320K [0x00000000d5580000, 0x00000000d5c80000, 0x0000000100000000)
  eden space 5632K, 0% used [0x00000000d5580000,0x00000000d5580000,0x00000000d5b00000)
  from space 512K, 62% used [0x00000000d5b80000,0x00000000d5bd0000,0x00000000d5c00000)
  to   space 512K, 0% used [0x00000000d5c00000,0x00000000d5c00000,0x00000000d5c80000)
 ParOldGen       total 680960K, used 309868K [0x0000000080000000, 0x00000000a9900000, 0x00000000d5580000)
  object space 680960K, 45% used [0x0000000080000000,0x0000000092e9b060,0x00000000a9900000)
 Metaspace       used 95389K, committed 97216K, reserved 1179648K
  class space    used 11384K, committed 12224K, reserved 1048576K
}
Event: 2220.223 GC heap before
{Heap before GC invocations=1330 (full 4):
 PSYoungGen      total 6144K, used 5882K [0x00000000d5580000, 0x00000000d5c80000, 0x0000000100000000)
  eden space 5632K, 98% used [0x00000000d5580000,0x00000000d5aeeb78,0x00000000d5b00000)
  from space 512K, 62% used [0x00000000d5b80000,0x00000000d5bd0000,0x00000000d5c00000)
  to   space 512K, 0% used [0x00000000d5c00000,0x00000000d5c00000,0x00000000d5c80000)
 ParOldGen       total 680960K, used 309868K [0x0000000080000000, 0x00000000a9900000, 0x00000000d5580000)
  object space 680960K, 45% used [0x0000000080000000,0x0000000092e9b060,0x00000000a9900000)
 Metaspace       used 95392K, committed 97216K, reserved 1179648K
  class space    used 11384K, committed 12224K, reserved 1048576K
}
Event: 2220.229 GC heap after
{Heap after GC invocations=1330 (full 4):
 PSYoungGen      total 6144K, used 224K [0x00000000d5580000, 0x00000000d5c80000, 0x0000000100000000)
  eden space 5632K, 0% used [0x00000000d5580000,0x00000000d5580000,0x00000000d5b00000)
  from space 512K, 43% used [0x00000000d5c00000,0x00000000d5c38000,0x00000000d5c80000)
  to   space 512K, 0% used [0x00000000d5b80000,0x00000000d5b80000,0x00000000d5c00000)
 ParOldGen       total 680960K, used 309996K [0x0000000080000000, 0x00000000a9900000, 0x00000000d5580000)
  object space 680960K, 45% used [0x0000000080000000,0x0000000092ebb070,0x00000000a9900000)
 Metaspace       used 95392K, committed 97216K, reserved 1179648K
  class space    used 11384K, committed 12224K, reserved 1048576K
}
Event: 2220.624 GC heap before
{Heap before GC invocations=1331 (full 4):
 PSYoungGen      total 6144K, used 5098K [0x00000000d5580000, 0x00000000d5c80000, 0x0000000100000000)
  eden space 5632K, 86% used [0x00000000d5580000,0x00000000d5a42980,0x00000000d5b00000)
  from space 512K, 43% used [0x00000000d5c00000,0x00000000d5c38000,0x00000000d5c80000)
  to   space 512K, 0% used [0x00000000d5b80000,0x00000000d5b80000,0x00000000d5c00000)
 ParOldGen       total 680960K, used 309996K [0x0000000080000000, 0x00000000a9900000, 0x00000000d5580000)
  object space 680960K, 45% used [0x0000000080000000,0x0000000092ebb070,0x00000000a9900000)
 Metaspace       used 95396K, committed 97216K, reserved 1179648K
  class space    used 11384K, committed 12224K, reserved 1048576K
}
Event: 2220.629 GC heap after
{Heap after GC invocations=1331 (full 4):
 PSYoungGen      total 6144K, used 448K [0x00000000d5580000, 0x00000000d5c80000, 0x0000000100000000)
  eden space 5632K, 0% used [0x00000000d5580000,0x00000000d5580000,0x00000000d5b00000)
  from space 512K, 87% used [0x00000000d5b80000,0x00000000d5bf0000,0x00000000d5c00000)
  to   space 512K, 0% used [0x00000000d5c00000,0x00000000d5c00000,0x00000000d5c80000)
 ParOldGen       total 680960K, used 310100K [0x0000000080000000, 0x00000000a9900000, 0x00000000d5580000)
  object space 680960K, 45% used [0x0000000080000000,0x0000000092ed5070,0x00000000a9900000)
 Metaspace       used 95396K, committed 97216K, reserved 1179648K
  class space    used 11384K, committed 12224K, reserved 1048576K
}
Event: 2220.972 GC heap before
{Heap before GC invocations=1332 (full 4):
 PSYoungGen      total 6144K, used 5839K [0x00000000d5580000, 0x00000000d5c80000, 0x0000000100000000)
  eden space 5632K, 95% used [0x00000000d5580000,0x00000000d5ac3f78,0x00000000d5b00000)
  from space 512K, 87% used [0x00000000d5b80000,0x00000000d5bf0000,0x00000000d5c00000)
  to   space 512K, 0% used [0x00000000d5c00000,0x00000000d5c00000,0x00000000d5c80000)
 ParOldGen       total 680960K, used 310100K [0x0000000080000000, 0x00000000a9900000, 0x00000000d5580000)
  object space 680960K, 45% used [0x0000000080000000,0x0000000092ed5070,0x00000000a9900000)
 Metaspace       used 95397K, committed 97216K, reserved 1179648K
  class space    used 11384K, committed 12224K, reserved 1048576K
}
Event: 2220.980 GC heap after
{Heap after GC invocations=1332 (full 4):
 PSYoungGen      total 6144K, used 416K [0x00000000d5580000, 0x00000000d5c80000, 0x0000000100000000)
  eden space 5632K, 0% used [0x00000000d5580000,0x00000000d5580000,0x00000000d5b00000)
  from space 512K, 81% used [0x00000000d5c00000,0x00000000d5c68000,0x00000000d5c80000)
  to   space 512K, 0% used [0x00000000d5b80000,0x00000000d5b80000,0x00000000d5c00000)
 ParOldGen       total 680960K, used 311503K [0x0000000080000000, 0x00000000a9900000, 0x00000000d5580000)
  object space 680960K, 45% used [0x0000000080000000,0x0000000093033f68,0x00000000a9900000)
 Metaspace       used 95397K, committed 97216K, reserved 1179648K
  class space    used 11384K, committed 12224K, reserved 1048576K
}
Event: 2223.095 GC heap before
{Heap before GC invocations=1333 (full 4):
 PSYoungGen      total 6144K, used 6048K [0x00000000d5580000, 0x00000000d5c80000, 0x0000000100000000)
  eden space 5632K, 100% used [0x00000000d5580000,0x00000000d5b00000,0x00000000d5b00000)
  from space 512K, 81% used [0x00000000d5c00000,0x00000000d5c68000,0x00000000d5c80000)
  to   space 512K, 0% used [0x00000000d5b80000,0x00000000d5b80000,0x00000000d5c00000)
 ParOldGen       total 680960K, used 311503K [0x0000000080000000, 0x00000000a9900000, 0x00000000d5580000)
  object space 680960K, 45% used [0x0000000080000000,0x0000000093033f68,0x00000000a9900000)
 Metaspace       used 95397K, committed 97216K, reserved 1179648K
  class space    used 11384K, committed 12224K, reserved 1048576K
}
Event: 2223.100 GC heap after
{Heap after GC invocations=1333 (full 4):
 PSYoungGen      total 6144K, used 384K [0x00000000d5580000, 0x00000000d5c80000, 0x0000000100000000)
  eden space 5632K, 0% used [0x00000000d5580000,0x00000000d5580000,0x00000000d5b00000)
  from space 512K, 75% used [0x00000000d5b80000,0x00000000d5be0000,0x00000000d5c00000)
  to   space 512K, 0% used [0x00000000d5c00000,0x00000000d5c00000,0x00000000d5c80000)
 ParOldGen       total 680960K, used 311591K [0x0000000080000000, 0x00000000a9900000, 0x00000000d5580000)
  object space 680960K, 45% used [0x0000000080000000,0x0000000093049f68,0x00000000a9900000)
 Metaspace       used 95397K, committed 97216K, reserved 1179648K
  class space    used 11384K, committed 12224K, reserved 1048576K
}
Event: 2223.227 GC heap before
{Heap before GC invocations=1334 (full 4):
 PSYoungGen      total 6144K, used 6016K [0x00000000d5580000, 0x00000000d5c80000, 0x0000000100000000)
  eden space 5632K, 100% used [0x00000000d5580000,0x00000000d5b00000,0x00000000d5b00000)
  from space 512K, 75% used [0x00000000d5b80000,0x00000000d5be0000,0x00000000d5c00000)
  to   space 512K, 0% used [0x00000000d5c00000,0x00000000d5c00000,0x00000000d5c80000)
 ParOldGen       total 680960K, used 311591K [0x0000000080000000, 0x00000000a9900000, 0x00000000d5580000)
  object space 680960K, 45% used [0x0000000080000000,0x0000000093049f68,0x00000000a9900000)
 Metaspace       used 95397K, committed 97216K, reserved 1179648K
  class space    used 11384K, committed 12224K, reserved 1048576K
}
Event: 2223.235 GC heap after
{Heap after GC invocations=1334 (full 4):
 PSYoungGen      total 6144K, used 288K [0x00000000d5580000, 0x00000000d5c80000, 0x0000000100000000)
  eden space 5632K, 0% used [0x00000000d5580000,0x00000000d5580000,0x00000000d5b00000)
  from space 512K, 56% used [0x00000000d5c00000,0x00000000d5c48000,0x00000000d5c80000)
  to   space 512K, 0% used [0x00000000d5b80000,0x00000000d5b80000,0x00000000d5c00000)
 ParOldGen       total 680960K, used 311711K [0x0000000080000000, 0x00000000a9900000, 0x00000000d5580000)
  object space 680960K, 45% used [0x0000000080000000,0x0000000093067f68,0x00000000a9900000)
 Metaspace       used 95397K, committed 97216K, reserved 1179648K
  class space    used 11384K, committed 12224K, reserved 1048576K
}
Event: 2223.485 GC heap before
{Heap before GC invocations=1335 (full 4):
 PSYoungGen      total 6144K, used 5914K [0x00000000d5580000, 0x00000000d5c80000, 0x0000000100000000)
  eden space 5632K, 99% used [0x00000000d5580000,0x00000000d5afeb68,0x00000000d5b00000)
  from space 512K, 56% used [0x00000000d5c00000,0x00000000d5c48000,0x00000000d5c80000)
  to   space 512K, 0% used [0x00000000d5b80000,0x00000000d5b80000,0x00000000d5c00000)
 ParOldGen       total 680960K, used 311711K [0x0000000080000000, 0x00000000a9900000, 0x00000000d5580000)
  object space 680960K, 45% used [0x0000000080000000,0x0000000093067f68,0x00000000a9900000)
 Metaspace       used 95397K, committed 97216K, reserved 1179648K
  class space    used 11384K, committed 12224K, reserved 1048576K
}
Event: 2223.488 GC heap after
{Heap after GC invocations=1335 (full 4):
 PSYoungGen      total 6144K, used 483K [0x00000000d5580000, 0x00000000d5d00000, 0x0000000100000000)
  eden space 5632K, 0% used [0x00000000d5580000,0x00000000d5580000,0x00000000d5b00000)
  from space 512K, 94% used [0x00000000d5b80000,0x00000000d5bf8d18,0x00000000d5c00000)
  to   space 1024K, 0% used [0x00000000d5c00000,0x00000000d5c00000,0x00000000d5d00000)
 ParOldGen       total 680960K, used 311831K [0x0000000080000000, 0x00000000a9900000, 0x00000000d5580000)
  object space 680960K, 45% used [0x0000000080000000,0x0000000093085f68,0x00000000a9900000)
 Metaspace       used 95397K, committed 97216K, reserved 1179648K
  class space    used 11384K, committed 12224K, reserved 1048576K
}
Event: 2223.760 GC heap before
{Heap before GC invocations=1336 (full 4):
 PSYoungGen      total 6144K, used 6115K [0x00000000d5580000, 0x00000000d5d00000, 0x0000000100000000)
  eden space 5632K, 100% used [0x00000000d5580000,0x00000000d5b00000,0x00000000d5b00000)
  from space 512K, 94% used [0x00000000d5b80000,0x00000000d5bf8d18,0x00000000d5c00000)
  to   space 1024K, 0% used [0x00000000d5c00000,0x00000000d5c00000,0x00000000d5d00000)
 ParOldGen       total 680960K, used 311831K [0x0000000080000000, 0x00000000a9900000, 0x00000000d5580000)
  object space 680960K, 45% used [0x0000000080000000,0x0000000093085f68,0x00000000a9900000)
 Metaspace       used 95414K, committed 97216K, reserved 1179648K
  class space    used 11385K, committed 12224K, reserved 1048576K
}
Event: 2223.767 GC heap after
{Heap after GC invocations=1336 (full 4):
 PSYoungGen      total 6144K, used 448K [0x00000000d5580000, 0x00000000d5c80000, 0x0000000100000000)
  eden space 5632K, 0% used [0x00000000d5580000,0x00000000d5580000,0x00000000d5b00000)
  from space 512K, 87% used [0x00000000d5c00000,0x00000000d5c70000,0x00000000d5c80000)
  to   space 512K, 0% used [0x00000000d5b80000,0x00000000d5b80000,0x00000000d5c00000)
 ParOldGen       total 680960K, used 311927K [0x0000000080000000, 0x00000000a9900000, 0x00000000d5580000)
  object space 680960K, 45% used [0x0000000080000000,0x000000009309df68,0x00000000a9900000)
 Metaspace       used 95414K, committed 97216K, reserved 1179648K
  class space    used 11385K, committed 12224K, reserved 1048576K
}
Event: 2224.605 GC heap before
{Heap before GC invocations=1337 (full 4):
 PSYoungGen      total 6144K, used 6080K [0x00000000d5580000, 0x00000000d5c80000, 0x0000000100000000)
  eden space 5632K, 100% used [0x00000000d5580000,0x00000000d5b00000,0x00000000d5b00000)
  from space 512K, 87% used [0x00000000d5c00000,0x00000000d5c70000,0x00000000d5c80000)
  to   space 512K, 0% used [0x00000000d5b80000,0x00000000d5b80000,0x00000000d5c00000)
 ParOldGen       total 680960K, used 311927K [0x0000000080000000, 0x00000000a9900000, 0x00000000d5580000)
  object space 680960K, 45% used [0x0000000080000000,0x000000009309df68,0x00000000a9900000)
 Metaspace       used 95655K, committed 97536K, reserved 1179648K
  class space    used 11413K, committed 12288K, reserved 1048576K
}
Event: 2224.609 GC heap after
{Heap after GC invocations=1337 (full 4):
 PSYoungGen      total 6144K, used 384K [0x00000000d5580000, 0x00000000d5c80000, 0x0000000100000000)
  eden space 5632K, 0% used [0x00000000d5580000,0x00000000d5580000,0x00000000d5b00000)
  from space 512K, 75% used [0x00000000d5b80000,0x00000000d5be0000,0x00000000d5c00000)
  to   space 512K, 0% used [0x00000000d5c00000,0x00000000d5c00000,0x00000000d5c80000)
 ParOldGen       total 680960K, used 312047K [0x0000000080000000, 0x00000000a9900000, 0x00000000d5580000)
  object space 680960K, 45% used [0x0000000080000000,0x00000000930bbf68,0x00000000a9900000)
 Metaspace       used 95655K, committed 97536K, reserved 1179648K
  class space    used 11413K, committed 12288K, reserved 1048576K
}

