# JRE version: Java(TM) SE Runtime Environment (21.0.9+7) (build 21.0.9+7-LTS-338)
# Java VM: Java HotSpot(TM) 64-Bit Server VM (21.0.9+7-LTS-338, mixed mode, sharing, tiered, compressed oops, compressed class ptrs, g1 gc, windows-amd64)
GC Precious Log:
 CardTable entry size: 512
 Card Set container configuration: InlinePtr #cards 5 size 8 Array Of Cards #cards 12 size 40 Howl #buckets 4 coarsen threshold 1843 Howl Bitmap #cards 512 size 80 coarsen threshold 460 Card regions per heap region 1 cards per card region 2048
 CPUs: 22 total, 22 available
 Memory: 15894M
 Large Page Support: Disabled
 NUMA Support: Disabled
 Compressed Oops: Enabled (32-bit)
 Heap Region Size: 1M
 Heap Min Capacity: 256M
 Heap Initial Capacity: 256M
 Heap Max Capacity: 512M
 Pre-touch: Disabled
 Parallel Workers: 16
 Concurrent Workers: 4
 Concurrent Refinement Workers: 16
 Periodic GC: Disabled
Heap:
 garbage-first heap   total 262144K, used 132544K [0x00000000e0000000, 0x0000000100000000)
  region size 1024K, 78 young (79872K), 4 survivors (4096K)
 Metaspace       used 61002K, committed 63232K, reserved 393216K
  class space    used 8832K, committed 9920K, reserved 327680K
GC Heap History (20 events):
Event: 0.331 GC heap before
{Heap before GC invocations=0 (full 0):
 garbage-first heap   total 262144K, used 26624K [0x00000000e0000000, 0x0000000100000000)
  region size 1024K, 23 young (23552K), 0 survivors (0K)
 Metaspace       used 2844K, committed 3008K, reserved 393216K
  class space    used 317K, committed 384K, reserved 327680K
}
Event: 0.334 GC heap after
{Heap after GC invocations=1 (full 0):
 garbage-first heap   total 262144K, used 10681K [0x00000000e0000000, 0x0000000100000000)
  region size 1024K, 3 young (3072K), 3 survivors (3072K)
 Metaspace       used 2844K, committed 3008K, reserved 393216K
  class space    used 317K, committed 384K, reserved 327680K
}
Event: 0.539 GC heap before
{Heap before GC invocations=1 (full 0):
 garbage-first heap   total 262144K, used 40377K [0x00000000e0000000, 0x0000000100000000)
  region size 1024K, 31 young (31744K), 3 survivors (3072K)
 Metaspace       used 4703K, committed 4928K, reserved 393216K
  class space    used 573K, committed 704K, reserved 327680K
}
Event: 0.542 GC heap after
{Heap after GC invocations=2 (full 0):
 garbage-first heap   total 262144K, used 15189K [0x00000000e0000000, 0x0000000100000000)
  region size 1024K, 4 young (4096K), 4 survivors (4096K)
 Metaspace       used 4703K, committed 4928K, reserved 393216K
  class space    used 573K, committed 704K, reserved 327680K
}
Event: 1.303 GC heap before
{Heap before GC invocations=2 (full 0):
 garbage-first heap   total 262144K, used 87893K [0x00000000e0000000, 0x0000000100000000)
  region size 1024K, 75 young (76800K), 4 survivors (4096K)
 Metaspace       used 16441K, committed 16960K, reserved 393216K
  class space    used 2160K, committed 2368K, reserved 327680K
}
Event: 1.310 GC heap after
{Heap after GC invocations=3 (full 0):
 garbage-first heap   total 262144K, used 22213K [0x00000000e0000000, 0x0000000100000000)
  region size 1024K, 10 young (10240K), 10 survivors (10240K)
 Metaspace       used 16441K, committed 16960K, reserved 393216K
  class space    used 2160K, committed 2368K, reserved 327680K
}
Event: 1.599 GC heap before
{Heap before GC invocations=3 (full 0):
 garbage-first heap   total 262144K, used 51909K [0x00000000e0000000, 0x0000000100000000)
  region size 1024K, 39 young (39936K), 10 survivors (10240K)
 Metaspace       used 20890K, committed 21504K, reserved 393216K
  class space    used 2763K, committed 3072K, reserved 327680K
}
Event: 1.606 GC heap after
{Heap after GC invocations=4 (full 0):
 garbage-first heap   total 262144K, used 24087K [0x00000000e0000000, 0x0000000100000000)
  region size 1024K, 9 young (9216K), 9 survivors (9216K)
 Metaspace       used 20890K, committed 21504K, reserved 393216K
  class space    used 2763K, committed 3072K, reserved 327680K
}
Event: 2.403 GC heap before
{Heap before GC invocations=5 (full 0):
 garbage-first heap   total 262144K, used 124439K [0x00000000e0000000, 0x0000000100000000)
  region size 1024K, 109 young (111616K), 9 survivors (9216K)
 Metaspace       used 34652K, committed 35968K, reserved 393216K
  class space    used 4819K, committed 5504K, reserved 327680K
}
Event: 2.412 GC heap after
{Heap after GC invocations=6 (full 0):
 garbage-first heap   total 262144K, used 30704K [0x00000000e0000000, 0x0000000100000000)
  region size 1024K, 16 young (16384K), 16 survivors (16384K)
 Metaspace       used 34652K, committed 35968K, reserved 393216K
  class space    used 4819K, committed 5504K, reserved 327680K
}
Event: 2.429 GC heap before
{Heap before GC invocations=6 (full 0):
 garbage-first heap   total 262144K, used 31728K [0x00000000e0000000, 0x0000000100000000)
  region size 1024K, 18 young (18432K), 16 survivors (16384K)
 Metaspace       used 34938K, committed 36288K, reserved 393216K
  class space    used 4855K, committed 5568K, reserved 327680K
}
Event: 2.437 GC heap after
{Heap after GC invocations=7 (full 0):
 garbage-first heap   total 262144K, used 31039K [0x00000000e0000000, 0x0000000100000000)
  region size 1024K, 9 young (9216K), 9 survivors (9216K)
 Metaspace       used 34938K, committed 36288K, reserved 393216K
  class space    used 4855K, committed 5568K, reserved 327680K
}
Event: 2.459 GC heap before
{Heap before GC invocations=7 (full 0):
 garbage-first heap   total 262144K, used 33087K [0x00000000e0000000, 0x0000000100000000)
  region size 1024K, 12 young (12288K), 9 survivors (9216K)
 Metaspace       used 35335K, committed 36608K, reserved 393216K
  class space    used 4911K, committed 5568K, reserved 327680K
}
Event: 2.465 GC heap after
{Heap after GC invocations=8 (full 0):
 garbage-first heap   total 262144K, used 30784K [0x00000000e0000000, 0x0000000100000000)
  region size 1024K, 9 young (9216K), 9 survivors (9216K)
 Metaspace       used 35335K, committed 36608K, reserved 393216K
  class space    used 4911K, committed 5568K, reserved 327680K
}
Event: 3.925 GC heap before
{Heap before GC invocations=9 (full 0):
 garbage-first heap   total 262144K, used 178240K [0x00000000e0000000, 0x0000000100000000)
  region size 1024K, 153 young (156672K), 9 survivors (9216K)
 Metaspace       used 49778K, committed 51776K, reserved 393216K
  class space    used 7338K, committed 8320K, reserved 327680K
}
Event: 3.935 GC heap after
{Heap after GC invocations=10 (full 0):
 garbage-first heap   total 262144K, used 39750K [0x00000000e0000000, 0x0000000100000000)
  region size 1024K, 18 young (18432K), 18 survivors (18432K)
 Metaspace       used 49778K, committed 51776K, reserved 393216K
  class space    used 7338K, committed 8320K, reserved 327680K
}
Event: 5.471 GC heap before
{Heap before GC invocations=10 (full 0):
 garbage-first heap   total 262144K, used 177990K [0x00000000e0000000, 0x0000000100000000)
  region size 1024K, 153 young (156672K), 18 survivors (18432K)
 Metaspace       used 57262K, committed 59392K, reserved 393216K
  class space    used 8273K, committed 9344K, reserved 327680K
}
Event: 5.479 GC heap after
{Heap after GC invocations=11 (full 0):
 garbage-first heap   total 262144K, used 50167K [0x00000000e0000000, 0x0000000100000000)
  region size 1024K, 20 young (20480K), 20 survivors (20480K)
 Metaspace       used 57262K, committed 59392K, reserved 393216K
  class space    used 8273K, committed 9344K, reserved 327680K
}
Event: 5.826 GC heap before
{Heap before GC invocations=11 (full 0):
 garbage-first heap   total 262144K, used 102391K [0x00000000e0000000, 0x0000000100000000)
  region size 1024K, 72 young (73728K), 20 survivors (20480K)
 Metaspace       used 59056K, committed 61248K, reserved 393216K
  class space    used 8545K, committed 9664K, reserved 327680K
}
Event: 5.834 GC heap after
{Heap after GC invocations=12 (full 0):
 garbage-first heap   total 262144K, used 52672K [0x00000000e0000000, 0x0000000100000000)
  region size 1024K, 4 young (4096K), 4 survivors (4096K)
 Metaspace       used 59056K, committed 61248K, reserved 393216K
  class space    used 8545K, committed 9664K, reserved 327680K
}

